<?xml version="1.0" encoding="UTF-8"?>
<testsuite name="com.example.starter.TestMainVerticle" tests="1" skipped="0" failures="0" errors="0" timestamp="2021-02-03T09:07:44" hostname="DESKTOP-BG48UA2" time="0.266">
  <properties/>
  <testcase name="verticle_deployed(Vertx, VertxTestContext)" classname="com.example.starter.TestMainVerticle" time="0.266"/>
  <system-out><![CDATA[HTTP server started on port 8888
]]></system-out>
  <system-err><![CDATA[]]></system-err>
</testsuite>
